<?xml version="1.0" encoding="UTF-8"?>
<!-- Generated by org.testng.reporters.JUnitReportReporter -->
<testsuite skipped="0" hostname="LAPTOP-34BM27NO" name="tests.TestStaffPage" tests="3" failures="0" timestamp="08 Jun 2021 18:51:46 GMT" time="66.806" errors="0">
  <testcase name="testAddingNewEmployee" time="11.720" classname="tests.TestStaffPage"/>
  <testcase name="testChangeNameEmployee" time="9.713" classname="tests.TestStaffPage"/>
  <testcase name="testUploadPic" time="45.373" classname="tests.TestStaffPage"/>
</testsuite> <!-- tests.TestStaffPage -->
