<?xml version="1.0" encoding="UTF-8"?>
<!-- Generated by org.testng.reporters.JUnitReportReporter -->
<testsuite skipped="0" hostname="LAPTOP-34BM27NO" name="tests.AddEmployees" tests="1" failures="0" timestamp="08 Jun 2021 05:09:00 GMT" time="69.994" errors="0">
  <testcase name="addEmployersTest" time="69.994" classname="tests.AddEmployees"/>
</testsuite> <!-- tests.AddEmployees -->
