<?xml version="1.0" encoding="UTF-8"?>
<!-- Generated by org.testng.reporters.JUnitReportReporter -->
<testsuite skipped="0" hostname="LAPTOP-34BM27NO" name="tests.TestSettingsPage" tests="2" failures="0" timestamp="08 Jun 2021 16:45:31 GMT" time="23.537" errors="0">
  <testcase name="testChangeLanguage" time="12.923" classname="tests.TestSettingsPage"/>
  <testcase name="uncheckNotifications" time="10.614" classname="tests.TestSettingsPage"/>
</testsuite> <!-- tests.TestSettingsPage -->
