<?xml version="1.0" encoding="UTF-8"?>
<!-- Generated by org.testng.reporters.JUnitReportReporter -->
<testsuite skipped="0" hostname="LAPTOP-34BM27NO" name="tests.TestHomePage" tests="6" failures="0" timestamp="08 Jun 2021 16:42:02 GMT" time="72.799" errors="0">
  <testcase name="testLogIn" time="5.884" classname="tests.TestHomePage"/>
  <testcase name="testAboutUsScreen" time="19.868" classname="tests.TestHomePage"/>
  <testcase name="testAboutUs" time="16.085" classname="tests.TestHomePage"/>
  <testcase name="testClosePopUpMsg" time="13.699" classname="tests.TestHomePage"/>
  <testcase name="testClosePopUpByHumanityBotMsg" time="13.342" classname="tests.TestHomePage"/>
  <testcase name="testOkOnPopUpAboutCookies" time="3.921" classname="tests.TestHomePage"/>
</testsuite> <!-- tests.TestHomePage -->
