<?xml version="1.0" encoding="UTF-8"?>
<!-- Generated by org.testng.reporters.JUnitReportReporter -->
<testsuite skipped="0" hostname="LAPTOP-34BM27NO" name="tests.TestProfile" tests="1" failures="0" timestamp="08 Jun 2021 16:43:57 GMT" time="21.574" errors="0">
  <testcase name="testEditProfile" time="21.574" classname="tests.TestProfile"/>
</testsuite> <!-- tests.TestProfile -->
