<?xml version="1.0" encoding="UTF-8"?>
<!-- Generated by org.testng.reporters.JUnitReportReporter -->
<testsuite skipped="0" hostname="LAPTOP-34BM27NO" name="tests.TestDashboardPage" tests="1" failures="0" timestamp="08 Jun 2021 18:33:18 GMT" time="61.338" errors="0">
  <testcase name="testMenuElements" time="61.338" classname="tests.TestDashboardPage"/>
</testsuite> <!-- tests.TestDashboardPage -->
