<?xml version="1.0" encoding="UTF-8"?>
<!-- Generated by org.testng.reporters.JUnitReportReporter -->
<testsuite skipped="0" hostname="LAPTOP-34BM27NO" name="tests.TestLogInPage" tests="1" failures="0" timestamp="08 Jun 2021 16:42:47 GMT" time="13.252" errors="0">
  <testcase name="testLogin" time="13.252" classname="tests.TestLogInPage"/>
</testsuite> <!-- tests.TestLogInPage -->
